SrangerThingsMobile/Intermediate/Android/arm64/gradle/app/build/intermediates/manifest_merge_blame_file/release/manifest-merger-blame-release-report.txt
1<?xml version="1.0" encoding="utf-8"?>
2<manifest xmlns:android="http://schemas.android.com/apk/res/android"
3    package="com.twoamgames.StrangeThingsMobile"
4    android:installLocation="internalOnly"
5    android:versionCode="34"
6    android:versionName="2.0" > <!-- Supported texture compression formats (cooked) -->
7    <uses-sdk
8        android:minSdkVersion="21"
8-->src\main\AndroidManifest.xml
9        android:targetSdkVersion="29" />
9-->src\main\AndroidManifest.xml
10    <!-- Requirements -->
11    <uses-feature
11-->src\main\AndroidManifest.xml:48:3-76
12        android:glEsVersion="0x00030001"
12-->src\main\AndroidManifest.xml:48:17-49
13        android:required="true" />
13-->src\main\AndroidManifest.xml:48:50-73
14
15    <uses-permission android:name="android.permission.INTERNET" />
15-->src\main\AndroidManifest.xml:49:3-65
15-->src\main\AndroidManifest.xml:49:20-62
16    <uses-permission android:name="android.permission.ACCESS_NETWORK_STATE" />
16-->src\main\AndroidManifest.xml:50:3-77
16-->src\main\AndroidManifest.xml:50:20-74
17    <uses-permission android:name="android.permission.WAKE_LOCK" />
17-->src\main\AndroidManifest.xml:51:3-66
17-->src\main\AndroidManifest.xml:51:20-63
18    <uses-permission android:name="com.android.vending.CHECK_LICENSE" />
18-->src\main\AndroidManifest.xml:52:3-71
18-->src\main\AndroidManifest.xml:52:20-68
19    <uses-permission android:name="android.permission.ACCESS_WIFI_STATE" />
19-->src\main\AndroidManifest.xml:53:3-74
19-->src\main\AndroidManifest.xml:53:20-71
20    <uses-permission android:name="android.permission.MODIFY_AUDIO_SETTINGS" />
20-->src\main\AndroidManifest.xml:54:3-78
20-->src\main\AndroidManifest.xml:54:20-75
21    <uses-permission android:name="android.permission.VIBRATE" />
21-->src\main\AndroidManifest.xml:55:3-64
21-->src\main\AndroidManifest.xml:55:20-61
22    <uses-permission android:name="com.android.vending.BILLING" />
22-->src\main\AndroidManifest.xml:56:3-65
22-->src\main\AndroidManifest.xml:56:20-62
23    <!-- Application Definition -->
24    <application
24-->src\main\AndroidManifest.xml:3:3-46:17
25        android:name="com.epicgames.ue4.GameApplication"
25-->src\main\AndroidManifest.xml:3:147-195
26        android:appComponentFactory="androidx.core.app.CoreComponentFactory"
26-->[androidx.core:core:1.0.0] AndroidManifest.xml:22:18-86
27        android:extractNativeLibs="true"
27-->src\main\AndroidManifest.xml:3:114-146
28        android:hardwareAccelerated="true"
28-->src\main\AndroidManifest.xml:3:79-113
29        android:hasCode="true"
29-->src\main\AndroidManifest.xml:3:196-218
30        android:icon="@drawable/icon"
30-->src\main\AndroidManifest.xml:3:49-78
31        android:label="@string/app_name" >
31-->src\main\AndroidManifest.xml:3:16-48
32        <activity
32-->src\main\AndroidManifest.xml:4:5-9:16
33            android:name="com.epicgames.ue4.SplashActivity"
33-->src\main\AndroidManifest.xml:4:15-62
34            android:debuggable="false"
34-->src\main\AndroidManifest.xml:4:210-236
35            android:label="@string/app_name"
35-->src\main\AndroidManifest.xml:4:63-95
36            android:launchMode="singleTask"
36-->src\main\AndroidManifest.xml:4:134-165
37            android:screenOrientation="sensorLandscape"
37-->src\main\AndroidManifest.xml:4:166-209
38            android:theme="@style/UE4SplashTheme" >
38-->src\main\AndroidManifest.xml:4:96-133
39            <intent-filter>
39-->src\main\AndroidManifest.xml:5:7-8:23
40                <action android:name="android.intent.action.MAIN" />
40-->src\main\AndroidManifest.xml:6:9-61
40-->src\main\AndroidManifest.xml:6:17-58
41
42                <category android:name="android.intent.category.LAUNCHER" />
42-->src\main\AndroidManifest.xml:7:9-69
42-->src\main\AndroidManifest.xml:7:19-66
43            </intent-filter>
44        </activity>
45        <activity
45-->src\main\AndroidManifest.xml:10:5-12:16
46            android:name="com.epicgames.ue4.GameActivity"
46-->src\main\AndroidManifest.xml:10:15-60
47            android:configChanges="mcc|mnc|uiMode|density|screenSize|smallestScreenSize|screenLayout|orientation|keyboardHidden|keyboard"
47-->src\main\AndroidManifest.xml:10:132-257
48            android:debuggable="false"
48-->src\main\AndroidManifest.xml:10:369-395
49            android:label="@string/app_name"
49-->src\main\AndroidManifest.xml:10:61-93
50            android:launchMode="singleTask"
50-->src\main\AndroidManifest.xml:10:293-324
51            android:resizeableActivity="false"
51-->src\main\AndroidManifest.xml:10:258-292
52            android:screenOrientation="sensorLandscape"
52-->src\main\AndroidManifest.xml:10:325-368
53            android:theme="@style/UE4SplashTheme" >
53-->src\main\AndroidManifest.xml:10:94-131
54            <meta-data
54-->src\main\AndroidManifest.xml:11:7-76
55                android:name="android.app.lib_name"
55-->src\main\AndroidManifest.xml:11:18-53
56                android:value="UE4" />
56-->src\main\AndroidManifest.xml:11:54-73
57        </activity>
58        <activity
58-->src\main\AndroidManifest.xml:13:5-228
59            android:name="com.twoamgames.StrangeThingsMobile.DownloaderActivity"
59-->src\main\AndroidManifest.xml:13:15-49
60            android:configChanges="mcc|mnc|uiMode|density|screenSize|orientation|keyboardHidden|keyboard"
60-->src\main\AndroidManifest.xml:13:94-187
61            android:screenOrientation="sensorLandscape"
61-->src\main\AndroidManifest.xml:13:50-93
62            android:theme="@style/UE4SplashTheme" />
62-->src\main\AndroidManifest.xml:13:188-225
63
64        <meta-data
64-->src\main\AndroidManifest.xml:14:5-101
65            android:name="com.epicgames.ue4.GameActivity.EngineVersion"
65-->src\main\AndroidManifest.xml:14:16-75
66            android:value="4.27.2" />
66-->src\main\AndroidManifest.xml:14:76-98
67        <meta-data
67-->src\main\AndroidManifest.xml:15:5-112
68            android:name="com.epicgames.ue4.GameActivity.EngineBranch"
68-->src\main\AndroidManifest.xml:15:16-74
69            android:value="++UE4+Release-4.27" />
69-->src\main\AndroidManifest.xml:15:75-109
70        <meta-data
70-->src\main\AndroidManifest.xml:16:5-104
71            android:name="com.epicgames.ue4.GameActivity.ProjectVersion"
71-->src\main\AndroidManifest.xml:16:16-76
72            android:value="1.0.0.17" />
72-->src\main\AndroidManifest.xml:16:77-101
73        <meta-data
73-->src\main\AndroidManifest.xml:17:5-104
74            android:name="com.epicgames.ue4.GameActivity.DepthBufferPreference"
74-->src\main\AndroidManifest.xml:17:16-83
75            android:value="0" />
75-->src\main\AndroidManifest.xml:17:84-101
76        <meta-data
76-->src\main\AndroidManifest.xml:18:5-107
77            android:name="com.epicgames.ue4.GameActivity.bPackageDataInsideApk"
77-->src\main\AndroidManifest.xml:18:16-83
78            android:value="true" />
78-->src\main\AndroidManifest.xml:18:84-104
79        <meta-data
79-->src\main\AndroidManifest.xml:19:5-105
80            android:name="com.epicgames.ue4.GameActivity.bVerifyOBBOnStartUp"
80-->src\main\AndroidManifest.xml:19:16-81
81            android:value="true" />
81-->src\main\AndroidManifest.xml:19:82-102
82        <meta-data
82-->src\main\AndroidManifest.xml:20:5-99
83            android:name="com.epicgames.ue4.GameActivity.bShouldHideUI"
83-->src\main\AndroidManifest.xml:20:16-75
84            android:value="true" />
84-->src\main\AndroidManifest.xml:20:76-96
85        <meta-data
85-->src\main\AndroidManifest.xml:21:5-112
86            android:name="com.epicgames.ue4.GameActivity.ProjectName"
86-->src\main\AndroidManifest.xml:21:16-73
87            android:value="SrangerThingsMobile" />
87-->src\main\AndroidManifest.xml:21:74-109
88        <meta-data
88-->src\main\AndroidManifest.xml:22:5-89
89            android:name="com.epicgames.ue4.GameActivity.AppType"
89-->src\main\AndroidManifest.xml:22:16-69
90            android:value="" />
90-->src\main\AndroidManifest.xml:22:70-86
91        <meta-data
91-->src\main\AndroidManifest.xml:23:5-98
92            android:name="com.epicgames.ue4.GameActivity.bHasOBBFiles"
92-->src\main\AndroidManifest.xml:23:16-74
93            android:value="true" />
93-->src\main\AndroidManifest.xml:23:75-95
94        <meta-data
94-->src\main\AndroidManifest.xml:24:5-108
95            android:name="com.epicgames.ue4.GameActivity.BuildConfiguration"
95-->src\main\AndroidManifest.xml:24:16-80
96            android:value="Shipping" />
96-->src\main\AndroidManifest.xml:24:81-105
97        <meta-data
97-->src\main\AndroidManifest.xml:25:5-99
98            android:name="com.epicgames.ue4.GameActivity.CookedFlavors"
98-->src\main\AndroidManifest.xml:25:16-75
99            android:value="ETC2" />
99-->src\main\AndroidManifest.xml:25:76-96
100        <meta-data
100-->src\main\AndroidManifest.xml:26:5-109
101            android:name="com.epicgames.ue4.GameActivity.bValidateTextureFormats"
101-->src\main\AndroidManifest.xml:26:16-85
102            android:value="true" />
102-->src\main\AndroidManifest.xml:26:86-106
103        <meta-data
103-->src\main\AndroidManifest.xml:27:5-106
104            android:name="com.epicgames.ue4.GameActivity.bUseExternalFilesDir"
104-->src\main\AndroidManifest.xml:27:16-82
105            android:value="true" />
105-->src\main\AndroidManifest.xml:27:83-103
106        <meta-data
106-->src\main\AndroidManifest.xml:28:5-101
107            android:name="com.epicgames.ue4.GameActivity.bPublicLogFiles"
107-->src\main\AndroidManifest.xml:28:16-77
108            android:value="true" />
108-->src\main\AndroidManifest.xml:28:78-98
109        <meta-data
109-->src\main\AndroidManifest.xml:29:5-104
110            android:name="com.epicgames.ue4.GameActivity.bUseDisplayCutout"
110-->src\main\AndroidManifest.xml:29:16-79
111            android:value="false" />
111-->src\main\AndroidManifest.xml:29:80-101
112        <meta-data
112-->src\main\AndroidManifest.xml:30:5-96
113            android:name="com.epicgames.ue4.GameActivity.bAllowIMU"
113-->src\main\AndroidManifest.xml:30:16-71
114            android:value="false" />
114-->src\main\AndroidManifest.xml:30:72-93
115        <meta-data
115-->src\main\AndroidManifest.xml:31:5-102
116            android:name="com.epicgames.ue4.GameActivity.bSupportsVulkan"
116-->src\main\AndroidManifest.xml:31:16-77
117            android:value="false" />
117-->src\main\AndroidManifest.xml:31:78-99
118        <meta-data
118-->src\main\AndroidManifest.xml:32:5-100
119            android:name="com.epicgames.ue4.GameActivity.StartupPermissions"
119-->src\main\AndroidManifest.xml:32:16-80
120            android:value="" />
120-->src\main\AndroidManifest.xml:32:81-97
121        <meta-data
121-->src\main\AndroidManifest.xml:33:5-100
122            android:name="com.google.android.gms.games.APP_ID"
122-->src\main\AndroidManifest.xml:33:16-66
123            android:value="@string/app_id" />
123-->src\main\AndroidManifest.xml:33:67-97
124        <meta-data
124-->src\main\AndroidManifest.xml:34:5-118
125            android:name="com.google.android.gms.version"
125-->src\main\AndroidManifest.xml:34:16-61
126            android:value="@integer/google_play_services_version" />
126-->src\main\AndroidManifest.xml:34:62-115
127
128        <activity
128-->src\main\AndroidManifest.xml:35:5-180
129            android:name="com.google.android.gms.ads.AdActivity"
129-->src\main\AndroidManifest.xml:35:15-67
130            android:configChanges="keyboard|keyboardHidden|orientation|screenLayout|uiMode|screenSize|smallestScreenSize"
130-->src\main\AndroidManifest.xml:35:68-177
131            android:exported="false"
131-->[com.google.android.gms:play-services-ads-lite:11.8.0] AndroidManifest.xml:32:13-37
132            android:theme="@android:style/Theme.Translucent" />
132-->[com.google.android.gms:play-services-ads-lite:11.8.0] AndroidManifest.xml:33:13-61
133
134        <service android:name="com.twoamgames.StrangeThingsMobile.OBBDownloaderService" />
134-->src\main\AndroidManifest.xml:36:5-52
134-->src\main\AndroidManifest.xml:36:14-49
135
136        <receiver android:name="com.twoamgames.StrangeThingsMobile.AlarmReceiver" />
136-->src\main\AndroidManifest.xml:37:5-46
136-->src\main\AndroidManifest.xml:37:15-43
137        <receiver android:name="com.epicgames.ue4.LocalNotificationReceiver" />
137-->src\main\AndroidManifest.xml:38:5-76
137-->src\main\AndroidManifest.xml:38:15-73
138        <receiver
138-->src\main\AndroidManifest.xml:39:5-43:16
139            android:name="com.epicgames.ue4.MulticastBroadcastReceiver"
139-->src\main\AndroidManifest.xml:39:15-74
140            android:exported="true" >
140-->src\main\AndroidManifest.xml:39:75-98
141            <intent-filter>
141-->src\main\AndroidManifest.xml:40:7-42:23
142                <action android:name="com.android.vending.INSTALL_REFERRER" />
142-->src\main\AndroidManifest.xml:41:9-71
142-->src\main\AndroidManifest.xml:41:17-68
143            </intent-filter>
144        </receiver>
145
146        <meta-data
146-->src\main\AndroidManifest.xml:44:5-73
147            android:name="android.max_aspect"
147-->src\main\AndroidManifest.xml:44:16-49
148            android:value="2.10" />
148-->src\main\AndroidManifest.xml:44:50-70
149        <meta-data
149-->src\main\AndroidManifest.xml:45:5-83
150            android:name="com.oculus.supportedDevices"
150-->src\main\AndroidManifest.xml:45:16-58
151            android:value="quest" />
151-->src\main\AndroidManifest.xml:45:59-80
152
153        <activity
153-->[com.google.android.gms:play-services-auth:11.8.0] AndroidManifest.xml:23:9-27:75
154            android:name="com.google.android.gms.auth.api.signin.internal.SignInHubActivity"
154-->[com.google.android.gms:play-services-auth:11.8.0] AndroidManifest.xml:24:13-93
155            android:excludeFromRecents="true"
155-->[com.google.android.gms:play-services-auth:11.8.0] AndroidManifest.xml:25:13-46
156            android:exported="false"
156-->[com.google.android.gms:play-services-auth:11.8.0] AndroidManifest.xml:26:13-37
157            android:theme="@android:style/Theme.Translucent.NoTitleBar" />
157-->[com.google.android.gms:play-services-auth:11.8.0] AndroidManifest.xml:27:13-72
158        <!--
159            Service handling Google Sign-In user revocation. For apps that do not integrate with
160            Google Sign-In, this service will never be started.
161        -->
162        <service
162-->[com.google.android.gms:play-services-auth:11.8.0] AndroidManifest.xml:33:9-36:110
163            android:name="com.google.android.gms.auth.api.signin.RevocationBoundService"
163-->[com.google.android.gms:play-services-auth:11.8.0] AndroidManifest.xml:34:13-89
164            android:exported="true"
164-->[com.google.android.gms:play-services-auth:11.8.0] AndroidManifest.xml:35:13-36
165            android:permission="com.google.android.gms.auth.api.signin.permission.REVOCATION_NOTIFICATION" />
165-->[com.google.android.gms:play-services-auth:11.8.0] AndroidManifest.xml:36:13-107
166
167        <meta-data
167-->[com.android.billingclient:billing:3.0.0] AndroidManifest.xml:13:9-15:37
168            android:name="com.google.android.play.billingclient.version"
168-->[com.android.billingclient:billing:3.0.0] AndroidManifest.xml:14:13-73
169            android:value="3.0.0" />
169-->[com.android.billingclient:billing:3.0.0] AndroidManifest.xml:15:13-34
170
171        <activity
171-->[com.android.billingclient:billing:3.0.0] AndroidManifest.xml:17:9-20:75
172            android:name="com.android.billingclient.api.ProxyBillingActivity"
172-->[com.android.billingclient:billing:3.0.0] AndroidManifest.xml:18:13-78
173            android:configChanges="keyboard|keyboardHidden|screenLayout|screenSize|orientation"
173-->[com.android.billingclient:billing:3.0.0] AndroidManifest.xml:19:13-96
174            android:theme="@android:style/Theme.Translucent.NoTitleBar" />
174-->[com.android.billingclient:billing:3.0.0] AndroidManifest.xml:20:13-72
175        <activity
175-->[com.google.android.gms:play-services-base:11.8.0] AndroidManifest.xml:23:9-26:75
176            android:name="com.google.android.gms.common.api.GoogleApiActivity"
176-->[com.google.android.gms:play-services-base:11.8.0] AndroidManifest.xml:24:13-79
177            android:exported="false"
177-->[com.google.android.gms:play-services-base:11.8.0] AndroidManifest.xml:25:13-37
178            android:theme="@android:style/Theme.Translucent.NoTitleBar" />
178-->[com.google.android.gms:play-services-base:11.8.0] AndroidManifest.xml:26:13-72
179
180        <provider
180-->[androidx.lifecycle:lifecycle-process:2.0.0] AndroidManifest.xml:23:9-27:43
181            android:name="androidx.lifecycle.ProcessLifecycleOwnerInitializer"
181-->[androidx.lifecycle:lifecycle-process:2.0.0] AndroidManifest.xml:24:13-79
182            android:authorities="com.twoamgames.StrangeThingsMobile.lifecycle-process"
182-->[androidx.lifecycle:lifecycle-process:2.0.0] AndroidManifest.xml:25:13-69
183            android:exported="false"
183-->[androidx.lifecycle:lifecycle-process:2.0.0] AndroidManifest.xml:26:13-37
184            android:multiprocess="true" />
184-->[androidx.lifecycle:lifecycle-process:2.0.0] AndroidManifest.xml:27:13-40
185    </application>
186
187</manifest>